2.756e-9
3.032e-8
1.8192e-7
7.8832e-7
2.759118e-6
8.277355e-6
2.2042626e-5
5.3272207e-5
0.000118611767
0.000245955689
0.000478904107
0.000881162057
0.001539739617
0.002565464589
0.004089195255
0.00625234401
0.00919101725
0.013014366908
0.017779303589
0.023465209707
0.029953382532
0.037016300926
0.044321114888
0.051449673285
0.057934510913
0.063307090342
0.067151815587
0.069157482358
0.069157482358
0.067151815587
0.063307090342
0.057934510913
0.051449673285
0.044321114888
0.037016300926
0.029953382532
0.023465209707
0.017779303589
0.013014366908
0.00919101725
0.00625234401
0.004089195255
0.002565464589
0.001539739617
0.000881162057
0.000478904107
0.000245955689
0.000118611767
5.3272207e-5
2.2042626e-5
8.277355e-6
2.759118e-6
7.8832e-7
1.8192e-7
3.032e-8
2.756e-9
