4.59e-10
5.513e-9
3.5833e-8
1.67219e-7
6.27072e-7
2.006631e-6
5.679943e-6
1.4553591e-5
3.4291899e-5
7.5153127e-5
0.000154510625
0.000299991409
0.000552940907
0.000971639638
0.001633403552
0.002634468272
0.00408648713
0.006108687938
0.008815281934
0.012298572787
0.016609270666
0.021736596819
0.027591613092
0.033997497488
0.040690032042
0.047330345481
0.053530084324
0.058886947896
0.063026342474
0.065643366191
0.066538796096
0.065643366191
0.063026342474
0.058886947896
0.053530084324
0.047330345481
0.040690032042
0.033997497488
0.027591613092
0.021736596819
0.016609270666
0.012298572787
0.008815281934
0.006108687938
0.00408648713
0.002634468272
0.001633403552
0.000971639638
0.000552940907
0.000299991409
0.000154510625
7.5153127e-5
3.4291899e-5
1.4553591e-5
5.679943e-6
2.006631e-6
6.27072e-7
1.67219e-7
3.5833e-8
5.513e-9
4.59e-10
