0.0
6.0e-12
4.8e-11
2.89e-10
1.374e-9
5.496e-9
1.9229e-8
6.0362e-8
1.7303e-7
4.58844e-7
1.136696e-6
2.650764e-6
5.854347e-6
1.2305574e-5
2.4717242e-5
4.7603738e-5
8.815862e-5
0.00015737233
0.000271356915
0.00045278253
0.000732252407
0.001149358184
0.0017530821
0.002601167711
0.003758089925
0.005291338837
0.00726590168
0.009737079673
0.012742088694
0.016291221428
0.020359634974
0.024881006038
0.029744306318
0.034794754441
0.039839592914
0.044658754917
0.049019802372
0.052695839988
0.05548455818
0.057226238852
0.057818545872
0.057226238852
0.05548455818
0.052695839988
0.049019802372
0.044658754917
0.039839592914
0.034794754441
0.029744306318
0.024881006038
0.020359634974
0.016291221428
0.012742088694
0.009737079673
0.00726590168
0.005291338837
0.003758089925
0.002601167711
0.0017530821
0.001149358184
0.000732252407
0.00045278253
0.000271356915
0.00015737233
8.815862e-5
4.7603738e-5
2.4717242e-5
1.2305574e-5
5.854347e-6
2.650764e-6
1.136696e-6
4.58844e-7
1.7303e-7
6.0362e-8
1.9229e-8
5.496e-9
1.374e-9
2.89e-10
4.8e-11
6.0e-12
0.0
