0.0
0.0
2.0e-12
1.1e-11
5.9e-11
2.59e-10
9.94e-10
3.405e-9
1.0619e-8
3.0564e-8
8.2006e-8
2.06776e-7
4.93098e-7
1.117889e-6
2.419658e-6
5.01827e-6
1.000262e-5
1.9211313e-5
3.563299e-5
6.3949993e-5
0.000111238967
0.000187822651
0.000308236934
0.000492236601
0.000765714891
0.001161362051
0.001718845715
0.002484272908
0.00350870241
0.004845527976
0.006546653877
0.008657532858
0.011211321711
0.014222609265
0.017681355087
0.021547808681
0.025749224006
0.030179116186
0.034699615232
0.039147164547
0.043341420771
0.04709678673
0.050235613478
0.052601805949
0.054073414875
0.054572830234
0.054073414875
0.052601805949
0.050235613478
0.04709678673
0.043341420771
0.039147164547
0.034699615232
0.030179116186
0.025749224006
0.021547808681
0.017681355087
0.014222609265
0.011211321711
0.008657532858
0.006546653877
0.004845527976
0.00350870241
0.002484272908
0.001718845715
0.001161362051
0.000765714891
0.000492236601
0.000308236934
0.000187822651
0.000111238967
6.3949993e-5
3.563299e-5
1.9211313e-5
1.000262e-5
5.01827e-6
2.419658e-6
1.117889e-6
4.93098e-7
2.06776e-7
8.2006e-8
3.0564e-8
1.0619e-8
3.405e-9
9.94e-10
2.59e-10
5.9e-11
1.1e-11
2.0e-12
0.0
0.0
