0.0
0.0
0.0
0.0
2.0e-12
1.2e-11
4.8e-11
1.8e-10
6.06e-10
1.881e-9
5.43e-9
1.4709e-8
3.7629e-8
9.1413e-8
2.1182e-7
4.69926e-7
1.001327e-6
2.054896e-6
4.070904e-6
7.80129e-6
1.4487516e-5
2.6113095e-5
4.5747388e-5
7.7993368e-5
0.000129543293
0.00020983155
0.000331752792
0.000512386418
0.000773637577
0.001142673906
0.00165201182
0.002339093032
0.00324519839
0.004413578362
0.005886741312
0.007702931744
0.009891945262
0.012470553573
0.015437934593
0.018771599472
0.022424359157
0.026322860434
0.030368134471
0.034438439243
0.038394452518
0.042086607748
0.045364094324
0.048084804265
0.050125336721
0.051390099483
0.051818590197
0.051390099483
0.050125336721
0.048084804265
0.045364094324
0.042086607748
0.038394452518
0.034438439243
0.030368134471
0.026322860434
0.022424359157
0.018771599472
0.015437934593
0.012470553573
0.009891945262
0.007702931744
0.005886741312
0.004413578362
0.00324519839
0.002339093032
0.00165201182
0.001142673906
0.000773637577
0.000512386418
0.000331752792
0.00020983155
0.000129543293
7.7993368e-5
4.5747388e-5
2.6113095e-5
1.4487516e-5
7.80129e-6
4.070904e-6
2.054896e-6
1.001327e-6
4.69926e-7
2.1182e-7
9.1413e-8
3.7629e-8
1.4709e-8
5.43e-9
1.881e-9
6.06e-10
1.8e-10
4.8e-11
1.2e-11
2.0e-12
0.0
0.0
0.0
0.0
