0.0
0.0
0.0
0.0
0.0
0.0
0.0
2.0e-12
7.0e-12
2.5e-11
8.1e-11
2.43e-10
6.83e-10
1.824e-9
4.637e-9
1.1271e-8
2.6287e-8
5.8995e-8
1.27719e-7
2.67309e-7
5.41903e-7
1.065895e-6
2.037246e-6
3.788701e-6
6.863979e-6
1.212744e-5
2.09167e-5
3.5247756e-5
5.8080763e-5
9.365111e-5
0.000147864154
0.00022874263
0.000346903161
0.000516023009
0.000753241385
0.001079423266
0.001519200453
0.002100697795
0.00285485562
0.003814275364
0.005011546381
0.006477057995
0.008236360162
0.010307203929
0.01269646194
0.015397190483
0.01838613772
0.021622018208
0.025044853971
0.02857662348
0.032123363021
0.035578736929
0.038828946084
0.041758694378
0.044257799138
0.046227931999
0.047588926782
0.048284099988
0.048284099988
0.047588926782
0.046227931999
0.044257799138
0.041758694378
0.038828946084
0.035578736929
0.032123363021
0.02857662348
0.025044853971
0.021622018208
0.01838613772
0.015397190483
0.01269646194
0.010307203929
0.008236360162
0.006477057995
0.005011546381
0.003814275364
0.00285485562
0.002100697795
0.001519200453
0.001079423266
0.000753241385
0.000516023009
0.000346903161
0.00022874263
0.000147864154
9.365111e-5
5.8080763e-5
3.5247756e-5
2.09167e-5
1.212744e-5
6.863979e-6
3.788701e-6
2.037246e-6
1.065895e-6
5.41903e-7
2.67309e-7
1.27719e-7
5.8995e-8
2.6287e-8
1.1271e-8
4.637e-9
1.824e-9
6.83e-10
2.43e-10
8.1e-11
2.5e-11
7.0e-12
2.0e-12
0.0
0.0
0.0
0.0
0.0
0.0
0.0
