0.0
0.0
0.0
0.0
0.0
0.0
0.0
0.0
0.0
1.0e-12
5.0e-12
1.5e-11
4.4e-11
1.23e-10
3.31e-10
8.5e-10
2.096e-9
4.966e-9
1.1346e-8
2.5051e-8
5.355e-8
1.11033e-7
2.23647e-7
4.38233e-7
8.36408e-7
1.556656e-6
2.827947e-6
5.019439e-6
8.711836e-6
1.4796807e-5
2.4611332e-5
4.0113497e-5
6.4104875e-5
0.000100501626
0.000154651629
0.000233688014
0.000346900402
0.000506094456
0.000725898677
0.001023966151
0.001421009857
0.001940605302
0.002608695841
0.00345274613
0.004500509025
0.005778401442
0.007309524035
0.009111405669
0.01119360214
0.013555323983
0.016183304014
0.019050134915
0.022113305178
0.025315134217
0.028583753572
0.031835203176
0.034976615633
0.037910356328
0.0405388844
0.042770011256
0.044522171103
0.045729290912
0.046344860828
0.046344860828
0.045729290912
0.044522171103
0.042770011256
0.0405388844
0.037910356328
0.034976615633
0.031835203176
0.028583753572
0.025315134217
0.022113305178
0.019050134915
0.016183304014
0.013555323983
0.01119360214
0.009111405669
0.007309524035
0.005778401442
0.004500509025
0.00345274613
0.002608695841
0.001940605302
0.001421009857
0.001023966151
0.000725898677
0.000506094456
0.000346900402
0.000233688014
0.000154651629
0.000100501626
6.4104875e-5
4.0113497e-5
2.4611332e-5
1.4796807e-5
8.711836e-6
5.019439e-6
2.827947e-6
1.556656e-6
8.36408e-7
4.38233e-7
2.23647e-7
1.11033e-7
5.355e-8
2.5051e-8
1.1346e-8
4.966e-9
2.096e-9
8.5e-10
3.31e-10
1.23e-10
4.4e-11
1.5e-11
5.0e-12
1.0e-12
0.0
0.0
0.0
0.0
0.0
0.0
0.0
0.0
0.0
