0.0
0.0
0.0
0.0
0.0
0.0
0.0
0.0
0.0
0.0
0.0
0.0
0.0
0.0
0.0
1.0e-12
3.0e-12
8.0e-12
2.0e-11
4.9e-11
1.17e-10
2.74e-10
6.19e-10
1.363e-9
2.92e-9
6.098e-9
1.2422e-8
2.4718e-8
4.8084e-8
9.1521e-8
1.70576e-7
3.1153e-7
5.57891e-7
9.80235e-7
1.690777e-6
2.864465e-6
4.768828e-6
7.805238e-6
1.2564609e-5
1.9900768e-5
3.1024677e-5
4.7622198e-5
7.1997103e-5
0.000107239273
0.000157415555
0.000227777309
0.000324974537
0.000457261569
0.00063467417
0.000869152897
0.001174583314
0.001566721121
0.002062970005
0.002681983088
0.003443065692
0.004365368253
0.005466873452
0.006763200417
0.008266270114
0.009982897937
0.01191339998
0.014050315949
0.016377361733
0.018868725915
0.021488815546
0.024192536329
0.026926161606
0.029628804692
0.032234463091
0.03467455483
0.036880821135
0.038788430601
0.040339092439
0.041483973609
0.042186218986
0.042422895491
0.042186218986
0.041483973609
0.040339092439
0.038788430601
0.036880821135
0.03467455483
0.032234463091
0.029628804692
0.026926161606
0.024192536329
0.021488815546
0.018868725915
0.016377361733
0.014050315949
0.01191339998
0.009982897937
0.008266270114
0.006763200417
0.005466873452
0.004365368253
0.003443065692
0.002681983088
0.002062970005
0.001566721121
0.001174583314
0.000869152897
0.00063467417
0.000457261569
0.000324974537
0.000227777309
0.000157415555
0.000107239273
7.1997103e-5
4.7622198e-5
3.1024677e-5
1.9900768e-5
1.2564609e-5
7.805238e-6
4.768828e-6
2.864465e-6
1.690777e-6
9.80235e-7
5.57891e-7
3.1153e-7
1.70576e-7
9.1521e-8
4.8084e-8
2.4718e-8
1.2422e-8
6.098e-9
2.92e-9
1.363e-9
6.19e-10
2.74e-10
1.17e-10
4.9e-11
2.0e-11
8.0e-12
3.0e-12
1.0e-12
0.0
0.0
0.0
0.0
0.0
0.0
0.0
0.0
0.0
0.0
0.0
0.0
0.0
0.0
0.0
