0.0
0.0
0.0
0.0
0.0
0.0
0.0
0.0
0.0
0.0
0.0
0.0
0.0
0.0
0.0
0.0
1.0e-12
2.0e-12
5.0e-12
1.3e-11
3.3e-11
7.8e-11
1.81e-10
4.07e-10
8.9e-10
1.899e-9
3.949e-9
8.023e-9
1.5934e-8
3.096e-8
5.8903e-8
1.09808e-7
2.0072e-7
3.59973e-7
6.33755e-7
1.095912e-6
1.862288e-6
3.111239e-6
5.112359e-6
8.265781e-6
1.3154764e-5
2.0614386e-5
3.1819099e-5
4.8391438e-5
7.2533262e-5
0.000107179353
0.000156170996
0.000224444224
0.000318223736
0.00044520934
0.0006147373
0.000837894601
0.001127560513
0.001498347432
0.001966412686
0.002549115245
0.003264496935
0.004130576818
0.005164460169
0.006381279311
0.007793001692
0.009407159641
0.011225574355
0.013243161938
0.01544691951
0.017815192575
0.020317319513
0.022913734303
0.02555658453
0.028190889349
0.030756223614
0.033188872659
0.035424361131
0.037400222617
0.0390588486
0.04035023871
0.041234471685
0.041683728853
0.041683728853
0.041234471685
0.04035023871
0.0390588486
0.037400222617
0.035424361131
0.033188872659
0.030756223614
0.028190889349
0.02555658453
0.022913734303
0.020317319513
0.017815192575
0.01544691951
0.013243161938
0.011225574355
0.009407159641
0.007793001692
0.006381279311
0.005164460169
0.004130576818
0.003264496935
0.002549115245
0.001966412686
0.001498347432
0.001127560513
0.000837894601
0.0006147373
0.00044520934
0.000318223736
0.000224444224
0.000156170996
0.000107179353
7.2533262e-5
4.8391438e-5
3.1819099e-5
2.0614386e-5
1.3154764e-5
8.265781e-6
5.112359e-6
3.111239e-6
1.862288e-6
1.095912e-6
6.33755e-7
3.59973e-7
2.0072e-7
1.09808e-7
5.8903e-8
3.096e-8
1.5934e-8
8.023e-9
3.949e-9
1.899e-9
8.9e-10
4.07e-10
1.81e-10
7.8e-11
3.3e-11
1.3e-11
5.0e-12
2.0e-12
1.0e-12
0.0
0.0
0.0
0.0
0.0
0.0
0.0
0.0
0.0
0.0
0.0
0.0
0.0
0.0
0.0
0.0
