0.0
0.0
0.0
0.0
0.0
0.0
0.0
0.0
0.0
0.0
0.0
0.0
0.0
0.0
0.0
0.0
0.0
1.0e-12
1.0e-12
4.0e-12
9.0e-12
2.2e-11
5.2e-11
1.2e-10
2.67e-10
5.81e-10
1.234e-9
2.558e-9
5.184e-9
1.0276e-8
1.9945e-8
3.793e-8
7.0725e-8
1.29383e-7
2.32353e-7
4.09845e-7
7.10409e-7
1.210648e-6
2.029254e-6
3.346889e-6
5.433724e-6
8.686803e-6
1.3679605e-5
2.1226304e-5
3.2463122e-5
4.8948717e-5
7.2784756e-5
0.000106756395
0.000154490501
0.000220626818
0.000310994158
0.000432780033
0.000594678286
0.000806995487
0.001081693645
0.00143234463
0.001873971235
0.002422751605
0.003095568214
0.003909390194
0.004880488362
0.006023495761
0.007350341998
0.008869106184
0.010582849408
0.012488501619
0.014575887922
0.016826983699
0.019215485395
0.021706773297
0.024258323981
0.026820603995
0.029338444264
0.031752858983
0.034003236328
0.036029794555
0.037776169234
0.0391919786
0.040235206553
0.040874248065
0.04108947975
0.040874248065
0.040235206553
0.0391919786
0.037776169234
0.036029794555
0.034003236328
0.031752858983
0.029338444264
0.026820603995
0.024258323981
0.021706773297
0.019215485395
0.016826983699
0.014575887922
0.012488501619
0.010582849408
0.008869106184
0.007350341998
0.006023495761
0.004880488362
0.003909390194
0.003095568214
0.002422751605
0.001873971235
0.00143234463
0.001081693645
0.000806995487
0.000594678286
0.000432780033
0.000310994158
0.000220626818
0.000154490501
0.000106756395
7.2784756e-5
4.8948717e-5
3.2463122e-5
2.1226304e-5
1.3679605e-5
8.686803e-6
5.433724e-6
3.346889e-6
2.029254e-6
1.210648e-6
7.10409e-7
4.09845e-7
2.32353e-7
1.29383e-7
7.0725e-8
3.793e-8
1.9945e-8
1.0276e-8
5.184e-9
2.558e-9
1.234e-9
5.81e-10
2.67e-10
1.2e-10
5.2e-11
2.2e-11
9.0e-12
4.0e-12
1.0e-12
1.0e-12
0.0
0.0
0.0
0.0
0.0
0.0
0.0
0.0
0.0
0.0
0.0
0.0
0.0
0.0
0.0
0.0
0.0
