0.0
0.0
0.0
0.0
0.0
0.0
0.0
0.0
0.0
0.0
0.0
0.0
0.0
0.0
0.0
0.0
0.0
0.0
0.0
0.0
0.0
0.0
1.0e-12
3.0e-12
7.0e-12
1.5e-11
3.4e-11
7.5e-11
1.61e-10
3.39e-10
6.96e-10
1.4e-9
2.763e-9
5.346e-9
1.0156e-8
1.8948e-8
3.4738e-8
6.2613e-8
1.11e-7
1.93635e-7
3.32517e-7
5.62314e-7
9.36765e-7
1.53785e-6
2.488654e-6
3.971092e-6
6.249866e-6
9.704211e-6
1.4869143e-5
2.248791e-5
3.3577281e-5
4.9506909e-5
7.2093427e-5
0.000103708951
0.000147402325
0.000207029719
0.000287389044
0.000394350257
0.000534971016
0.000717584588
0.000951844675
0.001248710147
0.001620352059
0.002079965977
0.002641475028
0.003319113289
0.004126885453
0.005077906813
0.006183637456
0.00745303539
0.008891664513
0.010500803873
0.012276613433
0.0142094175
0.016283169014
0.018475155205
0.020755997263
0.023089983528
0.025435757747
0.027747362171
0.029975611082
0.032069745583
0.033979297255
0.035656068657
0.03705612458
0.038141680966
0.038882779577
0.039258645993
0.039258645993
0.038882779577
0.038141680966
0.03705612458
0.035656068657
0.033979297255
0.032069745583
0.029975611082
0.027747362171
0.025435757747
0.023089983528
0.020755997263
0.018475155205
0.016283169014
0.0142094175
0.012276613433
0.010500803873
0.008891664513
0.00745303539
0.006183637456
0.005077906813
0.004126885453
0.003319113289
0.002641475028
0.002079965977
0.001620352059
0.001248710147
0.000951844675
0.000717584588
0.000534971016
0.000394350257
0.000287389044
0.000207029719
0.000147402325
0.000103708951
7.2093427e-5
4.9506909e-5
3.3577281e-5
2.248791e-5
1.4869143e-5
9.704211e-6
6.249866e-6
3.971092e-6
2.488654e-6
1.53785e-6
9.36765e-7
5.62314e-7
3.32517e-7
1.93635e-7
1.11e-7
6.2613e-8
3.4738e-8
1.8948e-8
1.0156e-8
5.346e-9
2.763e-9
1.4e-9
6.96e-10
3.39e-10
1.61e-10
7.5e-11
3.4e-11
1.5e-11
7.0e-12
3.0e-12
1.0e-12
0.0
0.0
0.0
0.0
0.0
0.0
0.0
0.0
0.0
0.0
0.0
0.0
0.0
0.0
0.0
0.0
0.0
0.0
0.0
0.0
0.0
0.0
