0.0
0.0
0.0
0.0
0.0
0.0
0.0
0.0
0.0
0.0
0.0
0.0
0.0
0.0
0.0
0.0
0.0
0.0
0.0
0.0
0.0
0.0
0.0
0.0
1.0e-12
1.0e-12
3.0e-12
7.0e-12
1.5e-11
3.2e-11
6.9e-11
1.43e-10
2.92e-10
5.86e-10
1.153e-9
2.227e-9
4.228e-9
7.891e-9
1.4484e-8
2.6162e-8
4.6516e-8
8.1447e-8
1.40488e-7
2.38808e-7
4.00167e-7
6.61226e-7
1.0777e-6
1.733023e-6
2.7503e-6
4.308545e-6
6.664316e-6
1.0180042e-5
1.5360384e-5
2.2898028e-5
3.3730139e-5
4.9106465e-5
7.0669545e-5
0.000100546723
0.000141452624
0.000196799383
0.000270810285
0.000368630594
0.000496427327
0.000661467736
0.000872164435
0.001138073719
0.001469832959
0.001879023206
0.002377944631
0.002979295324
0.003695748392
0.004539428179
0.005521293721
0.006650445764
0.007933382422
0.009373237147
0.010969040297
0.012715051476
0.014600213109
0.016607775685
0.018715141332
0.020893964494
0.023110536746
0.025326467484
0.027499654402
0.02958551838
0.031538458092
0.033313461971
0.034867800538
0.036162712043
0.037164989925
0.037848382385
0.038194722639
0.038194722639
0.037848382385
0.037164989925
0.036162712043
0.034867800538
0.033313461971
0.031538458092
0.02958551838
0.027499654402
0.025326467484
0.023110536746
0.020893964494
0.018715141332
0.016607775685
0.014600213109
0.012715051476
0.010969040297
0.009373237147
0.007933382422
0.006650445764
0.005521293721
0.004539428179
0.003695748392
0.002979295324
0.002377944631
0.001879023206
0.001469832959
0.001138073719
0.000872164435
0.000661467736
0.000496427327
0.000368630594
0.000270810285
0.000196799383
0.000141452624
0.000100546723
7.0669545e-5
4.9106465e-5
3.3730139e-5
2.2898028e-5
1.5360384e-5
1.0180042e-5
6.664316e-6
4.308545e-6
2.7503e-6
1.733023e-6
1.0777e-6
6.61226e-7
4.00167e-7
2.38808e-7
1.40488e-7
8.1447e-8
4.6516e-8
2.6162e-8
1.4484e-8
7.891e-9
4.228e-9
2.227e-9
1.153e-9
5.86e-10
2.92e-10
1.43e-10
6.9e-11
3.2e-11
1.5e-11
7.0e-12
3.0e-12
1.0e-12
1.0e-12
0.0
0.0
0.0
0.0
0.0
0.0
0.0
0.0
0.0
0.0
0.0
0.0
0.0
0.0
0.0
0.0
0.0
0.0
0.0
0.0
0.0
0.0
0.0
0.0
