0.0
0.0
0.0
0.0
0.0
0.0
0.0
0.0
0.0
0.0
0.0
0.0
0.0
0.0
0.0
0.0
0.0
0.0
0.0
0.0
0.0
0.0
0.0
0.0
0.0
0.0
0.0
0.0
0.0
0.0
1.0e-12
1.0e-12
3.0e-12
6.0e-12
1.2e-11
2.6e-11
5.2e-11
1.03e-10
2.01e-10
3.88e-10
7.36e-10
1.374e-9
2.528e-9
4.582e-9
8.188e-9
1.4429e-8
2.5081e-8
4.3016e-8
7.2815e-8
1.21681e-7
2.00792e-7
3.27258e-7
5.26928e-7
8.38338e-7
1.318203e-6
2.04891e-6
3.148613e-6
4.784612e-6
7.19079e-6
1.068998e-5
1.5722173e-5
2.287945e-5
3.2948449e-5
4.6960983e-5
6.6253068e-5
9.2532185e-5
0.000127951885
0.000175192069
0.000237542199
0.000318983595
0.000424265665
0.000558969663
0.000729552344
0.000943360912
0.001208609974
0.001534311093
0.001930146034
0.002406276102
0.002973082142
0.003640832896
0.004419283405
0.005317209897
0.006341892972
0.007498566418
0.008789854489
0.010215225288
0.011770491698
0.013447393542
0.015233294923
0.017111028703
0.019058915635
0.021050978792
0.023057364819
0.025044972686
0.026978278511
0.028820332617
0.030533892983
0.032082648701
0.033432478784
0.03455268641
0.035417147046
0.036005311119
0.036303008033
0.036303008033
0.036005311119
0.035417147046
0.03455268641
0.033432478784
0.032082648701
0.030533892983
0.028820332617
0.026978278511
0.025044972686
0.023057364819
0.021050978792
0.019058915635
0.017111028703
0.015233294923
0.013447393542
0.011770491698
0.010215225288
0.008789854489
0.007498566418
0.006341892972
0.005317209897
0.004419283405
0.003640832896
0.002973082142
0.002406276102
0.001930146034
0.001534311093
0.001208609974
0.000943360912
0.000729552344
0.000558969663
0.000424265665
0.000318983595
0.000237542199
0.000175192069
0.000127951885
9.2532185e-5
6.6253068e-5
4.6960983e-5
3.2948449e-5
2.287945e-5
1.5722173e-5
1.068998e-5
7.19079e-6
4.784612e-6
3.148613e-6
2.04891e-6
1.318203e-6
8.38338e-7
5.26928e-7
3.27258e-7
2.00792e-7
1.21681e-7
7.2815e-8
4.3016e-8
2.5081e-8
1.4429e-8
8.188e-9
4.582e-9
2.528e-9
1.374e-9
7.36e-10
3.88e-10
2.01e-10
1.03e-10
5.2e-11
2.6e-11
1.2e-11
6.0e-12
3.0e-12
1.0e-12
1.0e-12
0.0
0.0
0.0
0.0
0.0
0.0
0.0
0.0
0.0
0.0
0.0
0.0
0.0
0.0
0.0
0.0
0.0
0.0
0.0
0.0
0.0
0.0
0.0
0.0
0.0
0.0
0.0
0.0
0.0
0.0
