0.0
0.0
0.0
0.0
0.0
0.0
0.0
0.0
0.0
0.0
0.0
0.0
0.0
0.0
0.0
0.0
0.0
0.0
0.0
0.0
0.0
0.0
0.0
0.0
0.0
0.0
0.0
0.0
0.0
0.0
0.0
0.0
0.0
0.0
0.0
0.0
1.0e-12
1.0e-12
2.0e-12
5.0e-12
9.0e-12
1.8e-11
3.5e-11
6.8e-11
1.29e-10
2.4e-10
4.43e-10
8.05e-10
1.445e-9
2.561e-9
4.48e-9
7.74e-9
1.3214e-8
2.2291e-8
3.7167e-8
6.1263e-8
9.9847e-8
1.60935e-7
2.56579e-7
4.04687e-7
6.31558e-7
9.75371e-7
1.490916e-6
2.255919e-6
3.379399e-6
5.012528e-6
7.362559e-6
1.0710426e-5
1.543262e-5
2.2027972e-5
3.1149878e-5
4.3644382e-5
6.0594314e-5
8.3369385e-5
0.000113681697
0.000153645612
0.000205840282
0.00027337238
0.000359935782
0.00046986408
0.000608170999
0.000780573046
0.000993488182
0.001254003997
0.001569808972
0.001949080918
0.002400327737
0.002932177272
0.003553115231
0.004271172902
0.00509356964
0.006026318644
0.007073808267
0.008238374702
0.009519885111
0.01091535286
0.012418608124
0.014020047522
0.015706485457
0.017461127248
0.019263680049
0.021090611942
0.022915562764
0.024709902456
0.026443424497
0.028085153748
0.029604240445
0.030970905561
0.03215739798
0.033138921109
0.033894486217
0.034407651885
0.03466711349
0.03466711349
0.034407651885
0.033894486217
0.033138921109
0.03215739798
0.030970905561
0.029604240445
0.028085153748
0.026443424497
0.024709902456
0.022915562764
0.021090611942
0.019263680049
0.017461127248
0.015706485457
0.014020047522
0.012418608124
0.01091535286
0.009519885111
0.008238374702
0.007073808267
0.006026318644
0.00509356964
0.004271172902
0.003553115231
0.002932177272
0.002400327737
0.001949080918
0.001569808972
0.001254003997
0.000993488182
0.000780573046
0.000608170999
0.00046986408
0.000359935782
0.00027337238
0.000205840282
0.000153645612
0.000113681697
8.3369385e-5
6.0594314e-5
4.3644382e-5
3.1149878e-5
2.2027972e-5
1.543262e-5
1.0710426e-5
7.362559e-6
5.012528e-6
3.379399e-6
2.255919e-6
1.490916e-6
9.75371e-7
6.31558e-7
4.04687e-7
2.56579e-7
1.60935e-7
9.9847e-8
6.1263e-8
3.7167e-8
2.2291e-8
1.3214e-8
7.74e-9
4.48e-9
2.561e-9
1.445e-9
8.05e-10
4.43e-10
2.4e-10
1.29e-10
6.8e-11
3.5e-11
1.8e-11
9.0e-12
5.0e-12
2.0e-12
1.0e-12
1.0e-12
0.0
0.0
0.0
0.0
0.0
0.0
0.0
0.0
0.0
0.0
0.0
0.0
0.0
0.0
0.0
0.0
0.0
0.0
0.0
0.0
0.0
0.0
0.0
0.0
0.0
0.0
0.0
0.0
0.0
0.0
0.0
0.0
0.0
0.0
0.0
0.0
