0.0
0.0
0.0
0.0
0.0
0.0
0.0
0.0
0.0
0.0
0.0
0.0
0.0
0.0
0.0
0.0
0.0
0.0
0.0
0.0
0.0
0.0
0.0
0.0
0.0
0.0
0.0
0.0
0.0
0.0
0.0
0.0
0.0
0.0
0.0
0.0
0.0
0.0
1.0e-12
1.0e-12
3.0e-12
6.0e-12
1.2e-11
2.3e-11
4.4e-11
8.3e-11
1.56e-10
2.87e-10
5.22e-10
9.37e-10
1.662e-9
2.912e-9
5.041e-9
8.622e-9
1.4575e-8
2.4359e-8
4.0253e-8
6.5786e-8
1.06347e-7
1.7008e-7
2.69145e-7
4.21496e-7
6.53341e-7
1.002505e-6
1.522975e-6
2.290948e-6
3.412782e-6
5.035291e-6
7.358909e-6
1.0654251e-5
1.5282664e-5
2.1721306e-5
3.0593266e-5
4.2703092e-5
5.9077938e-5
8.1014212e-5
0.000110129279
0.000148417279
0.000198307523
0.000262723306
0.000345138189
0.000449626095
0.000580900745
0.000744339348
0.000945984879
0.001192521019
0.001491213809
0.001849814513
0.002276419021
0.002779280505
0.00336657395
0.004046113571
0.004825026993
0.005709393231
0.006703854878
0.007811218204
0.009032057951
0.010364346098
0.011803125629
0.013340251053
0.014964216877
0.01666009339
0.01840958583
0.020191228319
0.021980718159
0.023751389243
0.025474815975
0.027121531578
0.028661837448
0.03006667389
0.03130851751
0.032362267199
0.033206079374
0.033822114029
0.034197156346
0.034323083864
0.034197156346
0.033822114029
0.033206079374
0.032362267199
0.03130851751
0.03006667389
0.028661837448
0.027121531578
0.025474815975
0.023751389243
0.021980718159
0.020191228319
0.01840958583
0.01666009339
0.014964216877
0.013340251053
0.011803125629
0.010364346098
0.009032057951
0.007811218204
0.006703854878
0.005709393231
0.004825026993
0.004046113571
0.00336657395
0.002779280505
0.002276419021
0.001849814513
0.001491213809
0.001192521019
0.000945984879
0.000744339348
0.000580900745
0.000449626095
0.000345138189
0.000262723306
0.000198307523
0.000148417279
0.000110129279
8.1014212e-5
5.9077938e-5
4.2703092e-5
3.0593266e-5
2.1721306e-5
1.5282664e-5
1.0654251e-5
7.358909e-6
5.035291e-6
3.412782e-6
2.290948e-6
1.522975e-6
1.002505e-6
6.53341e-7
4.21496e-7
2.69145e-7
1.7008e-7
1.06347e-7
6.5786e-8
4.0253e-8
2.4359e-8
1.4575e-8
8.622e-9
5.041e-9
2.912e-9
1.662e-9
9.37e-10
5.22e-10
2.87e-10
1.56e-10
8.3e-11
4.4e-11
2.3e-11
1.2e-11
6.0e-12
3.0e-12
1.0e-12
1.0e-12
0.0
0.0
0.0
0.0
0.0
0.0
0.0
0.0
0.0
0.0
0.0
0.0
0.0
0.0
0.0
0.0
0.0
0.0
0.0
0.0
0.0
0.0
0.0
0.0
0.0
0.0
0.0
0.0
0.0
0.0
0.0
0.0
0.0
0.0
0.0
0.0
0.0
0.0
