9.9229e-8
8.93061e-7
4.465306e-6
1.637279e-5
4.911837e-5
0.000127707762
0.000297091716
0.000630501257
0.001236889861
0.002264902613
0.003899998571
0.006350558699
0.009821590173
0.014477416267
0.020397519433
0.027532483615
0.035669760231
0.044421760688
0.053243221466
0.061479230967
0.068439750514
0.073490905064
0.076147762346
0.076147762346
0.073490905064
0.068439750514
0.061479230967
0.053243221466
0.044421760688
0.035669760231
0.027532483615
0.020397519433
0.014477416267
0.009821590173
0.006350558699
0.003899998571
0.002264902613
0.001236889861
0.000630501257
0.000297091716
0.000127707762
4.911837e-5
1.637279e-5
4.465306e-6
8.93061e-7
9.9229e-8
