1.6538e-8
1.65382e-7
9.09599e-7
3.638398e-6
1.1824793e-5
3.310942e-5
8.2608168e-5
0.000187542867
0.000392946959
0.00076770193
0.001409515297
0.00244665712
0.004034073529
0.006341892697
0.009535330959
0.01374659446
0.019041554736
0.025386755068
0.032623693617
0.0404573294
0.048464367914
0.056124104822
0.062870438508
0.068158105451
0.071532719383
0.072692805975
0.071532719383
0.068158105451
0.062870438508
0.056124104822
0.048464367914
0.0404573294
0.032623693617
0.025386755068
0.019041554736
0.01374659446
0.009535330959
0.006341892697
0.004034073529
0.00244665712
0.001409515297
0.00076770193
0.000392946959
0.000187542867
8.2608168e-5
3.310942e-5
1.1824793e-5
3.638398e-6
9.09599e-7
1.65382e-7
1.6538e-8
