7.7e-11
9.95e-10
6.967e-9
3.4837e-8
1.39349e-7
4.73788e-7
1.420369e-6
3.845048e-6
9.554393e-6
2.2052044e-5
4.7699303e-5
9.7363432e-5
0.000188573593
0.000348087934
0.000614606543
0.001041159067
0.001696488485
0.002664604573
0.004041661411
0.005929483602
0.008425461454
0.011609149546
0.015526670539
0.020174805464
0.025487263816
0.031325892598
0.037479361541
0.04367108672
0.049576874951
0.054851186401
0.059159313743
0.062211483862
0.063794193554
0.063794193554
0.062211483862
0.059159313743
0.054851186401
0.049576874951
0.04367108672
0.037479361541
0.031325892598
0.025487263816
0.020174805464
0.015526670539
0.011609149546
0.008425461454
0.005929483602
0.004041661411
0.002664604573
0.001696488485
0.001041159067
0.000614606543
0.000348087934
0.000188573593
9.7363432e-5
4.7699303e-5
2.2052044e-5
9.554393e-6
3.845048e-6
1.420369e-6
4.73788e-7
1.39349e-7
3.4837e-8
6.967e-9
9.95e-10
7.7e-11
