1.3e-11
1.79e-10
1.34e-9
7.146e-9
3.0371e-8
1.09336e-7
3.46051e-7
9.86727e-7
2.577964e-6
6.247499e-6
1.4174157e-5
3.0322432e-5
6.1514636e-5
0.00011888845
0.000219730475
0.000389581646
0.000664379843
0.001092253366
0.001734434669
0.00266466728
0.003966476432
0.005727808178
0.008032838521
0.010951205336
0.014525472404
0.018758207236
0.023600523917
0.028944180113
0.034619214182
0.040398611004
0.046010619326
0.05115821787
0.055544023205
0.058897874344
0.061003642496
0.06172166372
0.061003642496
0.058897874344
0.055544023205
0.05115821787
0.046010619326
0.040398611004
0.034619214182
0.028944180113
0.023600523917
0.018758207236
0.014525472404
0.010951205336
0.008032838521
0.005727808178
0.003966476432
0.00266466728
0.001734434669
0.001092253366
0.000664379843
0.000389581646
0.000219730475
0.00011888845
6.1514636e-5
3.0322432e-5
1.4174157e-5
6.247499e-6
2.577964e-6
9.86727e-7
3.46051e-7
1.09336e-7
3.0371e-8
7.146e-9
1.34e-9
1.79e-10
1.3e-11
