2.0e-12
3.2e-11
2.55e-10
1.446e-9
6.508e-9
2.4731e-8
8.2404e-8
2.46828e-7
6.76266e-7
1.716324e-6
4.073622e-6
9.109138e-6
1.9303902e-5
3.895419e-5
7.5146275e-5
0.000139035299
0.000247402913
0.000424391402
0.000703211408
0.00112750788
0.001751965539
0.002641669961
0.003869746408
0.005512905069
0.007644744692
0.010327001351
0.013599342599
0.017468737921
0.021899800531
0.026807701476
0.032055225963
0.037455227735
0.042779144283
0.047771426655
0.052168831374
0.055722673493
0.058221510688
0.059511453434
0.059511453434
0.058221510688
0.055722673493
0.052168831374
0.047771426655
0.042779144283
0.037455227735
0.032055225963
0.026807701476
0.021899800531
0.017468737921
0.013599342599
0.010327001351
0.007644744692
0.005512905069
0.003869746408
0.002641669961
0.001751965539
0.00112750788
0.000703211408
0.000424391402
0.000247402913
0.000139035299
7.5146275e-5
3.895419e-5
1.9303902e-5
9.109138e-6
4.073622e-6
1.716324e-6
6.76266e-7
2.46828e-7
8.2404e-8
2.4731e-8
6.508e-9
1.446e-9
2.55e-10
3.2e-11
2.0e-12
