0.0
1.0e-12
9.0e-12
5.7e-11
2.86e-10
1.202e-9
4.407e-9
1.4466e-8
4.3297e-8
1.19723e-7
3.08943e-7
7.49821e-7
1.72234e-6
3.763209e-6
7.853911e-6
1.5711393e-5
3.0215047e-5
5.6001975e-5
0.000100252403
0.000173665229
0.000291587756
0.000475213497
0.000752700744
0.001159999974
0.001741122143
0.002547548194
0.003636489739
0.005067776654
0.006899277753
0.009180953373
0.011947877548
0.015212822081
0.018959222854
0.023135501982
0.027651752685
0.032379674934
0.0371563695
0.041792175158
0.046082217135
0.049820797871
0.05281729003
0.054911870686
0.055989329987
0.055989329987
0.054911870686
0.05281729003
0.049820797871
0.046082217135
0.041792175158
0.0371563695
0.032379674934
0.027651752685
0.023135501982
0.018959222854
0.015212822081
0.011947877548
0.009180953373
0.006899277753
0.005067776654
0.003636489739
0.002547548194
0.001741122143
0.001159999974
0.000752700744
0.000475213497
0.000291587756
0.000173665229
0.000100252403
5.6001975e-5
3.0215047e-5
1.5711393e-5
7.853911e-6
3.763209e-6
1.72234e-6
7.49821e-7
3.08943e-7
1.19723e-7
4.3297e-8
1.4466e-8
4.407e-9
1.202e-9
2.86e-10
5.7e-11
9.0e-12
1.0e-12
0.0
