0.0
0.0
0.0
2.0e-12
1.2e-11
5.5e-11
2.21e-10
7.88e-10
2.558e-9
7.65e-9
2.1308e-8
5.5727e-8
1.37745e-7
3.23492e-7
7.24998e-7
1.556283e-6
3.209718e-6
6.377141e-6
1.223379e-5
2.2705807e-5
4.0842359e-5
7.1309756e-5
0.000121015475
0.000199853023
0.00032153334
0.000504435349
0.000772369807
0.001155111517
0.001688522429
0.002414070992
0.003377560823
0.004626922624
0.006209001957
0.008165391349
0.010527500129
0.01331121358
0.016511641935
0.020098572489
0.024013288076
0.028167380623
0.032444058237
0.036702221245
0.040783286157
0.044520401118
0.047749367725
0.050320312006
0.05210897769
0.053026480893
0.053026480893
0.05210897769
0.050320312006
0.047749367725
0.044520401118
0.040783286157
0.036702221245
0.032444058237
0.028167380623
0.024013288076
0.020098572489
0.016511641935
0.01331121358
0.010527500129
0.008165391349
0.006209001957
0.004626922624
0.003377560823
0.002414070992
0.001688522429
0.001155111517
0.000772369807
0.000504435349
0.00032153334
0.000199853023
0.000121015475
7.1309756e-5
4.0842359e-5
2.2705807e-5
1.223379e-5
6.377141e-6
3.209718e-6
1.556283e-6
7.24998e-7
3.23492e-7
1.37745e-7
5.5727e-8
2.1308e-8
7.65e-9
2.558e-9
7.88e-10
2.21e-10
5.5e-11
1.2e-11
2.0e-12
0.0
0.0
0.0
