0.0
0.0
0.0
0.0
0.0
2.0e-12
1.0e-11
4.0e-11
1.41e-10
4.55e-10
1.359e-9
3.809e-9
1.0072e-8
2.5278e-8
6.048e-8
1.38488e-7
3.04471e-7
6.44502e-7
1.316714e-6
2.601694e-6
4.980976e-6
9.254838e-6
1.6712515e-5
2.9368927e-5
5.0280992e-5
8.3952702e-5
0.000136830248
0.000217875802
0.000339190833
0.000516637589
0.000770382344
0.001125259257
0.001610833524
0.002261032181
0.003113216137
0.004206592443
0.005579914684
0.007268491441
0.009300614141
0.011693617659
0.0144498873
0.017553208749
0.02096590695
0.024627221228
0.028453307549
0.032339142262
0.036162431456
0.039789422095
0.043082289136
0.045907565843
0.048144922123
0.049695504079
0.050489044478
0.050489044478
0.049695504079
0.048144922123
0.045907565843
0.043082289136
0.039789422095
0.036162431456
0.032339142262
0.028453307549
0.024627221228
0.02096590695
0.017553208749
0.0144498873
0.011693617659
0.009300614141
0.007268491441
0.005579914684
0.004206592443
0.003113216137
0.002261032181
0.001610833524
0.001125259257
0.000770382344
0.000516637589
0.000339190833
0.000217875802
0.000136830248
8.3952702e-5
5.0280992e-5
2.9368927e-5
1.6712515e-5
9.254838e-6
4.980976e-6
2.601694e-6
1.316714e-6
6.44502e-7
3.04471e-7
1.38488e-7
6.048e-8
2.5278e-8
1.0072e-8
3.809e-9
1.359e-9
4.55e-10
1.41e-10
4.0e-11
1.0e-11
2.0e-12
0.0
0.0
0.0
0.0
0.0
