0.0
0.0
0.0
0.0
0.0
0.0
2.0e-12
9.0e-12
3.3e-11
1.08e-10
3.35e-10
9.69e-10
2.646e-9
6.853e-9
1.6909e-8
3.9914e-8
9.0433e-8
1.97215e-7
4.14989e-7
8.44391e-7
1.664474e-6
3.183866e-6
5.91854e-6
1.0705944e-5
1.8866657e-5
3.2425158e-5
5.4400037e-5
8.9170197e-5
0.000142916584
0.000224128028
0.00034414492
0.000517696012
0.000763363225
0.001103889288
0.001566226839
0.002181219314
0.002982808038
0.004006680068
0.005288310171
0.006860407751
0.008749852945
0.010974288996
0.01353862104
0.016431742671
0.019623858239
0.023064779006
0.026683536366
0.030389571923
0.034075635621
0.037622359724
0.040904295486
0.043797022455
0.046184791292
0.04796806169
0.04907026418
0.049443156893
0.04907026418
0.04796806169
0.046184791292
0.043797022455
0.040904295486
0.037622359724
0.034075635621
0.030389571923
0.026683536366
0.023064779006
0.019623858239
0.016431742671
0.01353862104
0.010974288996
0.008749852945
0.006860407751
0.005288310171
0.004006680068
0.002982808038
0.002181219314
0.001566226839
0.001103889288
0.000763363225
0.000517696012
0.00034414492
0.000224128028
0.000142916584
8.9170197e-5
5.4400037e-5
3.2425158e-5
1.8866657e-5
1.0705944e-5
5.91854e-6
3.183866e-6
1.664474e-6
8.44391e-7
4.14989e-7
1.97215e-7
9.0433e-8
3.9914e-8
1.6909e-8
6.853e-9
2.646e-9
9.69e-10
3.35e-10
1.08e-10
3.3e-11
9.0e-12
2.0e-12
0.0
0.0
0.0
0.0
0.0
0.0
