0.0
0.0
0.0
0.0
0.0
0.0
0.0
0.0
2.0e-12
6.0e-12
1.9e-11
6.0e-11
1.74e-10
4.77e-10
1.249e-9
3.123e-9
7.491e-9
1.7283e-8
3.8456e-8
8.2703e-8
1.72247e-7
3.48018e-7
6.83178e-7
1.304795e-6
2.427505e-6
4.404194e-6
7.799993e-6
1.349697e-5
2.2837556e-5
3.7814625e-5
6.1314654e-5
9.7417185e-5
0.000151748262
0.000231877471
0.000347737575
0.000512032934
0.000740588984
0.001052581512
0.001470573588
0.002020282314
0.002729999813
0.003629605601
0.004749132219
0.006116883242
0.007757150962
0.009687636815
0.011916735371
0.014440895407
0.017242311042
0.0202872143
0.023525031147
0.026888622221
0.030295756949
0.033651869644
0.036854027172
0.039795911925
0.042373505885
0.044491066395
0.046066925379
0.047038630779
0.047366986256
0.047038630779
0.046066925379
0.044491066395
0.042373505885
0.039795911925
0.036854027172
0.033651869644
0.030295756949
0.026888622221
0.023525031147
0.0202872143
0.017242311042
0.014440895407
0.011916735371
0.009687636815
0.007757150962
0.006116883242
0.004749132219
0.003629605601
0.002729999813
0.002020282314
0.001470573588
0.001052581512
0.000740588984
0.000512032934
0.000347737575
0.000231877471
0.000151748262
9.7417185e-5
6.1314654e-5
3.7814625e-5
2.2837556e-5
1.349697e-5
7.799993e-6
4.404194e-6
2.427505e-6
1.304795e-6
6.83178e-7
3.48018e-7
1.72247e-7
8.2703e-8
3.8456e-8
1.7283e-8
7.491e-9
3.123e-9
1.249e-9
4.77e-10
1.74e-10
6.0e-11
1.9e-11
6.0e-12
2.0e-12
0.0
0.0
0.0
0.0
0.0
0.0
0.0
0.0
