0.0
0.0
0.0
0.0
0.0
0.0
0.0
0.0
0.0
0.0
1.0e-12
4.0e-12
1.1e-11
3.1e-11
8.6e-11
2.28e-10
5.76e-10
1.402e-9
3.285e-9
7.44e-9
1.631e-8
3.4674e-8
7.1599e-8
1.4381e-7
2.8132e-7
5.36588e-7
9.98987e-7
1.817055e-6
3.231753e-6
5.624849e-6
9.587336e-6
1.6013476e-5
2.6226298e-5
4.2139996e-5
6.6463294e-5
0.000102945162
0.000156660007
0.0002343235
0.000344622467
0.000498533221
0.000709592926
0.000994079141
0.001371045048
0.00186215366
0.002491255384
0.003283661266
0.004265080296
0.00546021369
0.006891031407
0.008574794382
0.01052192688
0.012733882459
0.015201179316
0.017901800741
0.020800159313
0.023846805845
0.026979024448
0.030122394684
0.033193324554
0.036102470727
0.038758873649
0.041074554939
0.042969262471
0.044375013221
0.045240080973
0.045532107614
0.045240080973
0.044375013221
0.042969262471
0.041074554939
0.038758873649
0.036102470727
0.033193324554
0.030122394684
0.026979024448
0.023846805845
0.020800159313
0.017901800741
0.015201179316
0.012733882459
0.01052192688
0.008574794382
0.006891031407
0.00546021369
0.004265080296
0.003283661266
0.002491255384
0.00186215366
0.001371045048
0.000994079141
0.000709592926
0.000498533221
0.000344622467
0.0002343235
0.000156660007
0.000102945162
6.6463294e-5
4.2139996e-5
2.6226298e-5
1.6013476e-5
9.587336e-6
5.624849e-6
3.231753e-6
1.817055e-6
9.98987e-7
5.36588e-7
2.8132e-7
1.4381e-7
7.1599e-8
3.4674e-8
1.631e-8
7.44e-9
3.285e-9
1.402e-9
5.76e-10
2.28e-10
8.6e-11
3.1e-11
1.1e-11
4.0e-12
1.0e-12
0.0
0.0
0.0
0.0
0.0
0.0
0.0
0.0
0.0
0.0
