0.0
0.0
0.0
0.0
0.0
0.0
0.0
0.0
0.0
0.0
0.0
1.0e-12
3.0e-12
8.0e-12
2.2e-11
6.0e-11
1.56e-10
3.89e-10
9.35e-10
2.17e-9
4.874e-9
1.0615e-8
2.2452e-8
4.6186e-8
9.2526e-8
1.80717e-7
3.44496e-7
6.4156e-7
1.168252e-6
2.081759e-6
3.632761e-6
6.212243e-6
1.0416795e-5
1.7137285e-5
2.7675875e-5
4.3895927e-5
6.8408039e-5
0.000104793043
0.000157859071
0.000233924609
0.000341112881
0.000489635211
0.000692032717
0.000963337744
0.001321109897
0.001785297904
0.002377879132
0.003122234891
0.004042232617
0.005161006071
0.00649945132
0.008074488186
0.009897171356
0.011970769198
0.014288957182
0.016834292426
0.019577142021
0.022475227391
0.025473918264
0.028507363262
0.031500482318
0.034371773834
0.037036813504
0.039412249927
0.041420042663
0.042991648811
0.044071850032
0.044621926412
0.044621926412
0.044071850032
0.042991648811
0.041420042663
0.039412249927
0.037036813504
0.034371773834
0.031500482318
0.028507363262
0.025473918264
0.022475227391
0.019577142021
0.016834292426
0.014288957182
0.011970769198
0.009897171356
0.008074488186
0.00649945132
0.005161006071
0.004042232617
0.003122234891
0.002377879132
0.001785297904
0.001321109897
0.000963337744
0.000692032717
0.000489635211
0.000341112881
0.000233924609
0.000157859071
0.000104793043
6.8408039e-5
4.3895927e-5
2.7675875e-5
1.7137285e-5
1.0416795e-5
6.212243e-6
3.632761e-6
2.081759e-6
1.168252e-6
6.4156e-7
3.44496e-7
1.80717e-7
9.2526e-8
4.6186e-8
2.2452e-8
1.0615e-8
4.874e-9
2.17e-9
9.35e-10
3.89e-10
1.56e-10
6.0e-11
2.2e-11
8.0e-12
3.0e-12
1.0e-12
0.0
0.0
0.0
0.0
0.0
0.0
0.0
0.0
0.0
0.0
0.0
