0.0
0.0
0.0
0.0
0.0
0.0
0.0
0.0
0.0
0.0
0.0
0.0
1.0e-12
2.0e-12
6.0e-12
1.6e-11
4.2e-11
1.06e-10
2.62e-10
6.22e-10
1.431e-9
3.19e-9
6.906e-9
1.4538e-8
2.9804e-8
5.9561e-8
1.16165e-7
2.21323e-7
4.1229e-7
7.51552e-7
1.341591e-6
2.346845e-6
4.025562e-6
6.774849e-6
1.1192786e-5
1.8161814e-5
2.8957694e-5
4.5387827e-5
6.996154e-5
0.000106092761
0.000158332262
0.000232622142
0.000336559589
0.000479650372
0.00067352551
0.000932087726
0.001271548768
0.001710315381
0.002268682031
0.002968293419
0.003831350323
0.004879548703
0.006132764074
0.007607519791
0.009315307219
0.011260854945
0.013440470061
0.015840593262
0.018436717747
0.021192816758
0.02406140428
0.026984317848
0.029894263096
0.032717100185
0.035374787585
0.037788835176
0.039884063129
0.041592421892
0.042856607376
0.043633207394
0.043895141752
0.043633207394
0.042856607376
0.041592421892
0.039884063129
0.037788835176
0.035374787585
0.032717100185
0.029894263096
0.026984317848
0.02406140428
0.021192816758
0.018436717747
0.015840593262
0.013440470061
0.011260854945
0.009315307219
0.007607519791
0.006132764074
0.004879548703
0.003831350323
0.002968293419
0.002268682031
0.001710315381
0.001271548768
0.000932087726
0.00067352551
0.000479650372
0.000336559589
0.000232622142
0.000158332262
0.000106092761
6.996154e-5
4.5387827e-5
2.8957694e-5
1.8161814e-5
1.1192786e-5
6.774849e-6
4.025562e-6
2.346845e-6
1.341591e-6
7.51552e-7
4.1229e-7
2.21323e-7
1.16165e-7
5.9561e-8
2.9804e-8
1.4538e-8
6.906e-9
3.19e-9
1.431e-9
6.22e-10
2.62e-10
1.06e-10
4.2e-11
1.6e-11
6.0e-12
2.0e-12
1.0e-12
0.0
0.0
0.0
0.0
0.0
0.0
0.0
0.0
0.0
0.0
0.0
0.0
