0.0
0.0
0.0
0.0
0.0
0.0
0.0
0.0
0.0
0.0
0.0
0.0
0.0
0.0
1.0e-12
4.0e-12
1.1e-11
2.9e-11
7.2e-11
1.75e-10
4.13e-10
9.42e-10
2.086e-9
4.491e-9
9.415e-9
1.9238e-8
3.8361e-8
7.4716e-8
1.4228e-7
2.65116e-7
4.83747e-7
8.64961e-7
1.516527e-6
2.608781e-6
4.405531e-6
7.307241e-6
1.1909925e-5
1.9083422e-5
3.0072752e-5
4.6625737e-5
7.1148983e-5
0.000106892371
0.000158159353
0.000230536444
0.000331130439
0.000468796267
0.000654332351
0.000900614557
0.001222634964
0.001637408806
0.002163712941
0.002821623104
0.003631825655
0.004614693057
0.005789130588
0.007171224176
0.008772744132
0.010599584892
0.012650243838
0.014914459999
0.017372142842
0.019992719993
0.022735018832
0.025547769986
0.028370781625
0.031136784695
0.033773894503
0.03620857851
0.038368969224
0.040188320425
0.041608379453
0.042582441489
0.043077865531
0.043077865531
0.042582441489
0.041608379453
0.040188320425
0.038368969224
0.03620857851
0.033773894503
0.031136784695
0.028370781625
0.025547769986
0.022735018832
0.019992719993
0.017372142842
0.014914459999
0.012650243838
0.010599584892
0.008772744132
0.007171224176
0.005789130588
0.004614693057
0.003631825655
0.002821623104
0.002163712941
0.001637408806
0.001222634964
0.000900614557
0.000654332351
0.000468796267
0.000331130439
0.000230536444
0.000158159353
0.000106892371
7.1148983e-5
4.6625737e-5
3.0072752e-5
1.9083422e-5
1.1909925e-5
7.307241e-6
4.405531e-6
2.608781e-6
1.516527e-6
8.64961e-7
4.83747e-7
2.65116e-7
1.4228e-7
7.4716e-8
3.8361e-8
1.9238e-8
9.415e-9
4.491e-9
2.086e-9
9.42e-10
4.13e-10
1.75e-10
7.2e-11
2.9e-11
1.1e-11
4.0e-12
1.0e-12
0.0
0.0
0.0
0.0
0.0
0.0
0.0
0.0
0.0
0.0
0.0
0.0
0.0
0.0
