0.0
0.0
0.0
0.0
0.0
0.0
0.0
0.0
0.0
0.0
0.0
0.0
0.0
0.0
0.0
0.0
0.0
0.0
0.0
1.0e-12
2.0e-12
6.0e-12
1.5e-11
3.5e-11
7.9e-11
1.75e-10
3.79e-10
8.02e-10
1.657e-9
3.35e-9
6.63e-9
1.2855e-8
2.4436e-8
4.5574e-8
8.3435e-8
1.5003e-7
2.65108e-7
4.60561e-7
7.86982e-7
1.323233e-6
2.190128e-6
3.569621e-6
5.731154e-6
9.067096e-6
1.4139408e-5
2.1739712e-5
3.2964884e-5
4.9309816e-5
7.2778299e-5
0.000106011718
0.000152433558
0.000216405444
0.000303387699
0.000420094214
0.000574628071
0.00077658104
0.001037077219
0.001368739148
0.001785554136
0.002302619921
0.002935752373
0.003700944229
0.004613672689
0.005688065119
0.006935945318
0.008365797222
0.009981697149
0.011782278472
0.013759802371
0.015899413556
0.018178659319
0.020567343048
0.023027769105
0.025515414986
0.027980040141
0.030367210351
0.03262018456
0.034682080328
0.036498207376
0.038018438889
0.039199479459
0.040006888378
0.040416727931
0.040416727931
0.040006888378
0.039199479459
0.038018438889
0.036498207376
0.034682080328
0.03262018456
0.030367210351
0.027980040141
0.025515414986
0.023027769105
0.020567343048
0.018178659319
0.015899413556
0.013759802371
0.011782278472
0.009981697149
0.008365797222
0.006935945318
0.005688065119
0.004613672689
0.003700944229
0.002935752373
0.002302619921
0.001785554136
0.001368739148
0.001037077219
0.00077658104
0.000574628071
0.000420094214
0.000303387699
0.000216405444
0.000152433558
0.000106011718
7.2778299e-5
4.9309816e-5
3.2964884e-5
2.1739712e-5
1.4139408e-5
9.067096e-6
5.731154e-6
3.569621e-6
2.190128e-6
1.323233e-6
7.86982e-7
4.60561e-7
2.65108e-7
1.5003e-7
8.3435e-8
4.5574e-8
2.4436e-8
1.2855e-8
6.63e-9
3.35e-9
1.657e-9
8.02e-10
3.79e-10
1.75e-10
7.9e-11
3.5e-11
1.5e-11
6.0e-12
2.0e-12
1.0e-12
0.0
0.0
0.0
0.0
0.0
0.0
0.0
0.0
0.0
0.0
0.0
0.0
0.0
0.0
0.0
0.0
0.0
0.0
0.0
