0.0
0.0
0.0
0.0
0.0
0.0
0.0
0.0
0.0
0.0
0.0
0.0
0.0
0.0
0.0
0.0
0.0
0.0
0.0
0.0
1.0e-12
2.0e-12
4.0e-12
1.0e-11
2.3e-11
5.2e-11
1.15e-10
2.48e-10
5.21e-10
1.074e-9
2.166e-9
4.279e-9
8.288e-9
1.575e-8
2.938e-8
5.3827e-8
9.6906e-8
1.71524e-7
2.98615e-7
5.11558e-7
8.62674e-7
1.432606e-6
2.343613e-6
3.778036e-6
6.00344e-6
9.406187e-6
1.4535313e-5
2.2158678e-5
3.3333203e-5
4.949064e-5
7.2539665e-5
0.000104983953
0.000150054422
0.000211851822
0.000295493451
0.000407255004
0.000554695614
0.000746751232
0.000993778971
0.001307533256
0.001701053973
0.002188447838
0.002784547083
0.003504434744
0.004362833275
0.005373362825
0.006547686954
0.007894575995
0.009418930942
0.011120822348
0.012994608015
0.015028198986
0.017202544312
0.019491400397
0.021861440026
0.024272739492
0.026679660365
0.029032116578
0.031277189624
0.033361026941
0.035230933494
0.036837546498
0.038136970393
0.039092744994
0.039677525161
0.039874365256
0.039677525161
0.039092744994
0.038136970393
0.036837546498
0.035230933494
0.033361026941
0.031277189624
0.029032116578
0.026679660365
0.024272739492
0.021861440026
0.019491400397
0.017202544312
0.015028198986
0.012994608015
0.011120822348
0.009418930942
0.007894575995
0.006547686954
0.005373362825
0.004362833275
0.003504434744
0.002784547083
0.002188447838
0.001701053973
0.001307533256
0.000993778971
0.000746751232
0.000554695614
0.000407255004
0.000295493451
0.000211851822
0.000150054422
0.000104983953
7.2539665e-5
4.949064e-5
3.3333203e-5
2.2158678e-5
1.4535313e-5
9.406187e-6
6.00344e-6
3.778036e-6
2.343613e-6
1.432606e-6
8.62674e-7
5.11558e-7
2.98615e-7
1.71524e-7
9.6906e-8
5.3827e-8
2.938e-8
1.575e-8
8.288e-9
4.279e-9
2.166e-9
1.074e-9
5.21e-10
2.48e-10
1.15e-10
5.2e-11
2.3e-11
1.0e-11
4.0e-12
2.0e-12
1.0e-12
0.0
0.0
0.0
0.0
0.0
0.0
0.0
0.0
0.0
0.0
0.0
0.0
0.0
0.0
0.0
0.0
0.0
0.0
0.0
0.0
