0.0
0.0
0.0
0.0
0.0
0.0
0.0
0.0
0.0
0.0
0.0
0.0
0.0
0.0
0.0
0.0
0.0
0.0
0.0
0.0
0.0
0.0
0.0
1.0e-12
2.0e-12
4.0e-12
1.0e-11
2.3e-11
4.9e-11
1.05e-10
2.2e-10
4.51e-10
9.06e-10
1.784e-9
3.45e-9
6.552e-9
1.2225e-8
2.2427e-8
4.0467e-8
7.1848e-8
1.25575e-7
2.16136e-7
3.66474e-7
6.12347e-7
1.008623e-6
1.638199e-6
2.624424e-6
4.148073e-6
6.470136e-6
9.961813e-6
1.514325e-5
2.2732553e-5
3.370648e-5
4.9373937e-5
7.14628e-5
0.000102219769
0.000144521729
0.000201995621
0.000279141886
0.000381454492
0.000515528217
0.000689141621
0.000911302124
0.001192238077
0.001543322079
0.001976910196
0.002506083659
0.003144283103
0.003904830669
0.004800342238
0.005842040486
0.007038988916
0.008397276913
0.009919195361
0.01160245062
0.01343947059
0.015416859381
0.01751505599
0.019708246709
0.021964570821
0.024246644499
0.026512409562
0.028716292894
0.030810640416
0.032747368221
0.034479754687
0.03596428277
0.037162432838
0.038042324295
0.038580109448
0.038761035512
0.038580109448
0.038042324295
0.037162432838
0.03596428277
0.034479754687
0.032747368221
0.030810640416
0.028716292894
0.026512409562
0.024246644499
0.021964570821
0.019708246709
0.01751505599
0.015416859381
0.01343947059
0.01160245062
0.009919195361
0.008397276913
0.007038988916
0.005842040486
0.004800342238
0.003904830669
0.003144283103
0.002506083659
0.001976910196
0.001543322079
0.001192238077
0.000911302124
0.000689141621
0.000515528217
0.000381454492
0.000279141886
0.000201995621
0.000144521729
0.000102219769
7.14628e-5
4.9373937e-5
3.370648e-5
2.2732553e-5
1.514325e-5
9.961813e-6
6.470136e-6
4.148073e-6
2.624424e-6
1.638199e-6
1.008623e-6
6.12347e-7
3.66474e-7
2.16136e-7
1.25575e-7
7.1848e-8
4.0467e-8
2.2427e-8
1.2225e-8
6.552e-9
3.45e-9
1.784e-9
9.06e-10
4.51e-10
2.2e-10
1.05e-10
4.9e-11
2.3e-11
1.0e-11
4.0e-12
2.0e-12
1.0e-12
0.0
0.0
0.0
0.0
0.0
0.0
0.0
0.0
0.0
0.0
0.0
0.0
0.0
0.0
0.0
0.0
0.0
0.0
0.0
0.0
0.0
0.0
0.0
