0.0
0.0
0.0
0.0
0.0
0.0
0.0
0.0
0.0
0.0
0.0
0.0
0.0
0.0
0.0
0.0
0.0
0.0
0.0
0.0
0.0
0.0
0.0
0.0
0.0
0.0
1.0e-12
2.0e-12
4.0e-12
1.0e-11
2.1e-11
4.5e-11
9.3e-11
1.9e-10
3.79e-10
7.45e-10
1.438e-9
2.729e-9
5.095e-9
9.357e-9
1.6918e-8
3.0121e-8
5.2831e-8
9.1317e-8
1.55598e-7
2.61442e-7
4.33306e-7
7.08569e-7
1.143537e-6
1.821827e-6
2.865852e-6
4.452321e-6
6.832768e-6
1.0360269e-5
1.5523576e-5
2.2989896e-5
3.3657434e-5
4.8718547e-5
6.973392e-5
9.871748e-5
0.000138230837
0.000191484859
0.000262444489
0.000355931325
0.000477716627
0.000634595683
0.000834432795
0.001086164897
0.001399751114
0.001786055712
0.002256653039
0.002823545448
0.003498788909
0.004294026002
0.0052199323
0.006285589271
0.007497804588
0.008860408471
0.010373561702
0.012033116689
0.013830076508
0.015750197732
0.017773780474
0.019875683142
0.022025590024
0.02418854714
0.0263257666
0.028395682846
0.030355226811
0.032161267571
0.033772156825
0.035149300826
0.03625867825
0.037072221695
0.037568985336
0.03773603165
0.037568985336
0.037072221695
0.03625867825
0.035149300826
0.033772156825
0.032161267571
0.030355226811
0.028395682846
0.0263257666
0.02418854714
0.022025590024
0.019875683142
0.017773780474
0.015750197732
0.013830076508
0.012033116689
0.010373561702
0.008860408471
0.007497804588
0.006285589271
0.0052199323
0.004294026002
0.003498788909
0.002823545448
0.002256653039
0.001786055712
0.001399751114
0.001086164897
0.000834432795
0.000634595683
0.000477716627
0.000355931325
0.000262444489
0.000191484859
0.000138230837
9.871748e-5
6.973392e-5
4.8718547e-5
3.3657434e-5
2.2989896e-5
1.5523576e-5
1.0360269e-5
6.832768e-6
4.452321e-6
2.865852e-6
1.821827e-6
1.143537e-6
7.08569e-7
4.33306e-7
2.61442e-7
1.55598e-7
9.1317e-8
5.2831e-8
3.0121e-8
1.6918e-8
9.357e-9
5.095e-9
2.729e-9
1.438e-9
7.45e-10
3.79e-10
1.9e-10
9.3e-11
4.5e-11
2.1e-11
1.0e-11
4.0e-12
2.0e-12
1.0e-12
0.0
0.0
0.0
0.0
0.0
0.0
0.0
0.0
0.0
0.0
0.0
0.0
0.0
0.0
0.0
0.0
0.0
0.0
0.0
0.0
0.0
0.0
0.0
0.0
0.0
0.0
