0.0
0.0
0.0
0.0
0.0
0.0
0.0
0.0
0.0
0.0
0.0
0.0
0.0
0.0
0.0
0.0
0.0
0.0
0.0
0.0
0.0
0.0
0.0
0.0
0.0
0.0
0.0
1.0e-12
1.0e-12
3.0e-12
6.0e-12
1.4e-11
2.9e-11
6.0e-11
1.23e-10
2.45e-10
4.82e-10
9.29e-10
1.763e-9
3.291e-9
6.047e-9
1.0943e-8
1.9509e-8
3.4273e-8
5.9357e-8
1.01371e-7
1.70769e-7
2.83844e-7
4.65628e-7
7.54047e-7
1.205755e-6
1.904235e-6
2.970812e-6
4.579429e-6
6.976102e-6
1.0504114e-5
1.5636044e-5
2.3013748e-5
3.3497274e-5
4.8223475e-5
6.8674686e-5
9.675718e-5
0.000134888355
0.000186090485
0.000254087603
0.000343400637
0.000459434296
0.000608547636
0.00079809874
0.001036452805
0.001332942207
0.001697767168
0.00214182652
0.002676470037
0.003313166902
0.004063089161
0.00493661442
0.005942758257
0.007088553722
0.00837840217
0.009813426205
0.011390860948
0.013103523596
0.014939402708
0.016881407428
0.018907312503
0.020989927518
0.023097508371
0.025194416094
0.027242013499
0.029199774632
0.031026566913
0.032682052188
0.034128141996
0.035330435084
0.03625956243
0.036892367182
0.037212853994
0.037212853994
0.036892367182
0.03625956243
0.035330435084
0.034128141996
0.032682052188
0.031026566913
0.029199774632
0.027242013499
0.025194416094
0.023097508371
0.020989927518
0.018907312503
0.016881407428
0.014939402708
0.013103523596
0.011390860948
0.009813426205
0.00837840217
0.007088553722
0.005942758257
0.00493661442
0.004063089161
0.003313166902
0.002676470037
0.00214182652
0.001697767168
0.001332942207
0.001036452805
0.00079809874
0.000608547636
0.000459434296
0.000343400637
0.000254087603
0.000186090485
0.000134888355
9.675718e-5
6.8674686e-5
4.8223475e-5
3.3497274e-5
2.3013748e-5
1.5636044e-5
1.0504114e-5
6.976102e-6
4.579429e-6
2.970812e-6
1.904235e-6
1.205755e-6
7.54047e-7
4.65628e-7
2.83844e-7
1.70769e-7
1.01371e-7
5.9357e-8
3.4273e-8
1.9509e-8
1.0943e-8
6.047e-9
3.291e-9
1.763e-9
9.29e-10
4.82e-10
2.45e-10
1.23e-10
6.0e-11
2.9e-11
1.4e-11
6.0e-12
3.0e-12
1.0e-12
1.0e-12
0.0
0.0
0.0
0.0
0.0
0.0
0.0
0.0
0.0
0.0
0.0
0.0
0.0
0.0
0.0
0.0
0.0
0.0
0.0
0.0
0.0
0.0
0.0
0.0
0.0
0.0
0.0
