0.0
0.0
0.0
0.0
0.0
0.0
0.0
0.0
0.0
0.0
0.0
0.0
0.0
0.0
0.0
0.0
0.0
0.0
0.0
0.0
0.0
0.0
0.0
0.0
0.0
0.0
0.0
0.0
0.0
1.0e-12
2.0e-12
4.0e-12
9.0e-12
1.9e-11
3.9e-11
8.0e-11
1.59e-10
3.11e-10
6.0e-10
1.139e-9
2.126e-9
3.909e-9
7.08e-9
1.2638e-8
2.2237e-8
3.8583e-8
6.6037e-8
1.11521e-7
1.85874e-7
3.05836e-7
4.96902e-7
7.9738e-7
1.264054e-6
1.979984e-6
3.065063e-6
4.690075e-6
7.095123e-6
1.0613375e-5
1.5701118e-5
2.2975126e-5
3.3258223e-5
4.7633734e-5
6.750912e-5
9.4688576e-5
0.000131453631
0.000180649824
0.000245776426
0.000331074835
0.000441609899
0.000583336953
0.000763146053
0.000988873809
0.001269272512
0.001613926246
0.002033104273
0.002537543666
0.003138155701
0.003845654216
0.00467010875
0.005620430772
0.006703807323
0.00792510262
0.00928625415
0.010785694892
0.012417837176
0.014172655565
0.016035405784
0.017986513687
0.020001662437
0.022052097569
0.024105158769
0.026125034504
0.028073721949
0.029912160887
0.031601497385
0.033104422207
0.034386520966
0.035417568812
0.036172702447
0.036633406644
0.036788261202
0.036633406644
0.036172702447
0.035417568812
0.034386520966
0.033104422207
0.031601497385
0.029912160887
0.028073721949
0.026125034504
0.024105158769
0.022052097569
0.020001662437
0.017986513687
0.016035405784
0.014172655565
0.012417837176
0.010785694892
0.00928625415
0.00792510262
0.006703807323
0.005620430772
0.00467010875
0.003845654216
0.003138155701
0.002537543666
0.002033104273
0.001613926246
0.001269272512
0.000988873809
0.000763146053
0.000583336953
0.000441609899
0.000331074835
0.000245776426
0.000180649824
0.000131453631
9.4688576e-5
6.750912e-5
4.7633734e-5
3.3258223e-5
2.2975126e-5
1.5701118e-5
1.0613375e-5
7.095123e-6
4.690075e-6
3.065063e-6
1.979984e-6
1.264054e-6
7.9738e-7
4.96902e-7
3.05836e-7
1.85874e-7
1.11521e-7
6.6037e-8
3.8583e-8
2.2237e-8
1.2638e-8
7.08e-9
3.909e-9
2.126e-9
1.139e-9
6.0e-10
3.11e-10
1.59e-10
8.0e-11
3.9e-11
1.9e-11
9.0e-12
4.0e-12
2.0e-12
1.0e-12
0.0
0.0
0.0
0.0
0.0
0.0
0.0
0.0
0.0
0.0
0.0
0.0
0.0
0.0
0.0
0.0
0.0
0.0
0.0
0.0
0.0
0.0
0.0
0.0
0.0
0.0
0.0
0.0
0.0
