0.0
0.0
0.0
0.0
0.0
0.0
0.0
0.0
0.0
0.0
0.0
0.0
0.0
0.0
0.0
0.0
0.0
0.0
0.0
0.0
0.0
0.0
0.0
0.0
0.0
0.0
0.0
0.0
0.0
0.0
0.0
0.0
1.0e-12
2.0e-12
4.0e-12
8.0e-12
1.7e-11
3.4e-11
6.7e-11
1.3e-10
2.51e-10
4.76e-10
8.88e-10
1.635e-9
2.966e-9
5.306e-9
9.364e-9
1.6304e-8
2.8018e-8
4.7535e-8
7.9636e-8
1.31774e-7
2.15415e-7
3.47969e-7
5.55534e-7
8.76738e-7
1.368042e-6
2.110934e-6
3.221578e-6
4.863518e-6
7.26418e-6
1.0735936e-5
1.5702576e-5
2.2731971e-5
3.2575684e-5
4.6216051e-5
6.4921003e-5
9.030644e-5
0.000124405398
0.0001697425
0.000229411266
0.000307150846
0.000407417589
0.000535445729
0.000697290359
0.000899844942
0.001150825003
0.00145870941
0.001832631043
0.002282209707
0.002817321946
0.003447805079
0.004183096236
0.005031811288
0.006001273346
0.007097005411
0.008322206793
0.009677237401
0.011159137726
0.012761214774
0.014472724965
0.016278683882
0.018159829402
0.02009275926
0.022050256524
0.024001807177
0.025914303401
0.027752915053
0.029482100714
0.031066719668
0.032473197757
0.033670694174
0.034632213349
0.035335606571
0.03576441196
0.035908488733
0.03576441196
0.035335606571
0.034632213349
0.033670694174
0.032473197757
0.031066719668
0.029482100714
0.027752915053
0.025914303401
0.024001807177
0.022050256524
0.02009275926
0.018159829402
0.016278683882
0.014472724965
0.012761214774
0.011159137726
0.009677237401
0.008322206793
0.007097005411
0.006001273346
0.005031811288
0.004183096236
0.003447805079
0.002817321946
0.002282209707
0.001832631043
0.00145870941
0.001150825003
0.000899844942
0.000697290359
0.000535445729
0.000407417589
0.000307150846
0.000229411266
0.0001697425
0.000124405398
9.030644e-5
6.4921003e-5
4.6216051e-5
3.2575684e-5
2.2731971e-5
1.5702576e-5
1.0735936e-5
7.26418e-6
4.863518e-6
3.221578e-6
2.110934e-6
1.368042e-6
8.76738e-7
5.55534e-7
3.47969e-7
2.15415e-7
1.31774e-7
7.9636e-8
4.7535e-8
2.8018e-8
1.6304e-8
9.364e-9
5.306e-9
2.966e-9
1.635e-9
8.88e-10
4.76e-10
2.51e-10
1.3e-10
6.7e-11
3.4e-11
1.7e-11
8.0e-12
4.0e-12
2.0e-12
1.0e-12
0.0
0.0
0.0
0.0
0.0
0.0
0.0
0.0
0.0
0.0
0.0
0.0
0.0
0.0
0.0
0.0
0.0
0.0
0.0
0.0
0.0
0.0
0.0
0.0
0.0
0.0
0.0
0.0
0.0
0.0
0.0
0.0
