0.0
0.0
0.0
0.0
0.0
0.0
0.0
0.0
0.0
0.0
0.0
0.0
0.0
0.0
0.0
0.0
0.0
0.0
0.0
0.0
0.0
0.0
0.0
0.0
0.0
0.0
0.0
0.0
0.0
0.0
0.0
0.0
0.0
1.0e-12
1.0e-12
3.0e-12
5.0e-12
1.1e-11
2.2e-11
4.3e-11
8.4e-11
1.62e-10
3.08e-10
5.74e-10
1.058e-9
1.92e-9
3.439e-9
6.077e-9
1.0599e-8
1.8249e-8
3.1027e-8
5.2105e-8
8.6447e-8
1.41724e-7
2.29644e-7
3.67844e-7
5.82579e-7
9.12439e-7
1.413466e-6
2.166057e-6
3.284165e-6
4.927365e-6
7.316454e-6
1.0753293e-5
1.5645644e-5
2.2537733e-5
3.2147204e-5
4.5408954e-5
6.3526091e-5
8.8027846e-5
0.000120833776
0.000164322909
0.000221405673
0.000295595555
0.000391076381
0.000512760122
0.000666329078
0.000858255505
0.001095791081
0.001386918411
0.001740257008
0.002164917031
0.00267029557
0.00326581255
0.003960586267
0.004763052218
0.005680533026
0.006718771746
0.007881445328
0.009169679242
0.010581587845
0.01211186759
0.013751471358
0.015487391668
0.017302578135
0.019176010202
0.021082939941
0.022995311803
0.024882357021
0.026711350423
0.028448507295
0.030059988461
0.031512973452
0.032776755372
0.033823807246
0.034630768757
0.035179304458
0.035456789857
0.035456789857
0.035179304458
0.034630768757
0.033823807246
0.032776755372
0.031512973452
0.030059988461
0.028448507295
0.026711350423
0.024882357021
0.022995311803
0.021082939941
0.019176010202
0.017302578135
0.015487391668
0.013751471358
0.01211186759
0.010581587845
0.009169679242
0.007881445328
0.006718771746
0.005680533026
0.004763052218
0.003960586267
0.00326581255
0.00267029557
0.002164917031
0.001740257008
0.001386918411
0.001095791081
0.000858255505
0.000666329078
0.000512760122
0.000391076381
0.000295595555
0.000221405673
0.000164322909
0.000120833776
8.8027846e-5
6.3526091e-5
4.5408954e-5
3.2147204e-5
2.2537733e-5
1.5645644e-5
1.0753293e-5
7.316454e-6
4.927365e-6
3.284165e-6
2.166057e-6
1.413466e-6
9.12439e-7
5.82579e-7
3.67844e-7
2.29644e-7
1.41724e-7
8.6447e-8
5.2105e-8
3.1027e-8
1.8249e-8
1.0599e-8
6.077e-9
3.439e-9
1.92e-9
1.058e-9
5.74e-10
3.08e-10
1.62e-10
8.4e-11
4.3e-11
2.2e-11
1.1e-11
5.0e-12
3.0e-12
1.0e-12
1.0e-12
0.0
0.0
0.0
0.0
0.0
0.0
0.0
0.0
0.0
0.0
0.0
0.0
0.0
0.0
0.0
0.0
0.0
0.0
0.0
0.0
0.0
0.0
0.0
0.0
0.0
0.0
0.0
0.0
0.0
0.0
0.0
0.0
0.0
