0.0
0.0
0.0
0.0
0.0
0.0
0.0
0.0
0.0
0.0
0.0
0.0
0.0
0.0
0.0
0.0
0.0
0.0
0.0
0.0
0.0
0.0
0.0
0.0
0.0
0.0
0.0
0.0
0.0
0.0
0.0
0.0
0.0
0.0
0.0
1.0e-12
2.0e-12
3.0e-12
7.0e-12
1.4e-11
2.8e-11
5.5e-11
1.05e-10
1.99e-10
3.72e-10
6.84e-10
1.244e-9
2.229e-9
3.945e-9
6.89e-9
1.1885e-8
2.0249e-8
3.4084e-8
5.6692e-8
9.3199e-8
1.51465e-7
2.43391e-7
3.86779e-7
6.07949e-7
9.45338e-7
1.454425e-6
2.214345e-6
3.336657e-6
4.9768e-6
7.34883e-6
1.0744109e-5
1.5554615e-5
2.2301547e-5
3.166982e-5
4.4548912e-5
6.2080267e-5
8.571113e-5
0.000117254208
0.000158951975
0.00021354369
0.000284332403
0.000375248286
0.000490903719
0.00063663462
0.000818521763
0.001043385201
0.001318744686
0.001652739101
0.002053998609
0.002531464473
0.003094153441
0.00375086611
0.004509841896
0.005378366856
0.006362344638
0.007465844901
0.008690647463
0.010035803852
0.011497240505
0.013067429306
0.014735151133
0.016485376482
0.018299283851
0.020154431462
0.022025091254
0.023882746114
0.025696742491
0.027435081409
0.029065322004
0.030555563708
0.031875466764
0.032997266291
0.033896733191
0.034554035925
0.034954460772
0.035088954357
0.034954460772
0.034554035925
0.033896733191
0.032997266291
0.031875466764
0.030555563708
0.029065322004
0.027435081409
0.025696742491
0.023882746114
0.022025091254
0.020154431462
0.018299283851
0.016485376482
0.014735151133
0.013067429306
0.011497240505
0.010035803852
0.008690647463
0.007465844901
0.006362344638
0.005378366856
0.004509841896
0.00375086611
0.003094153441
0.002531464473
0.002053998609
0.001652739101
0.001318744686
0.001043385201
0.000818521763
0.00063663462
0.000490903719
0.000375248286
0.000284332403
0.00021354369
0.000158951975
0.000117254208
8.571113e-5
6.2080267e-5
4.4548912e-5
3.166982e-5
2.2301547e-5
1.5554615e-5
1.0744109e-5
7.34883e-6
4.9768e-6
3.336657e-6
2.214345e-6
1.454425e-6
9.45338e-7
6.07949e-7
3.86779e-7
2.43391e-7
1.51465e-7
9.3199e-8
5.6692e-8
3.4084e-8
2.0249e-8
1.1885e-8
6.89e-9
3.945e-9
2.229e-9
1.244e-9
6.84e-10
3.72e-10
1.99e-10
1.05e-10
5.5e-11
2.8e-11
1.4e-11
7.0e-12
3.0e-12
2.0e-12
1.0e-12
0.0
0.0
0.0
0.0
0.0
0.0
0.0
0.0
0.0
0.0
0.0
0.0
0.0
0.0
0.0
0.0
0.0
0.0
0.0
0.0
0.0
0.0
0.0
0.0
0.0
0.0
0.0
0.0
0.0
0.0
0.0
0.0
0.0
0.0
0.0
