0.0
0.0
0.0
0.0
0.0
0.0
0.0
0.0
0.0
0.0
0.0
0.0
0.0
0.0
0.0
0.0
0.0
0.0
0.0
0.0
0.0
0.0
0.0
0.0
0.0
0.0
0.0
0.0
0.0
0.0
0.0
0.0
0.0
0.0
0.0
0.0
0.0
0.0
0.0
0.0
1.0e-12
2.0e-12
4.0e-12
8.0e-12
1.5e-11
2.8e-11
5.4e-11
1.01e-10
1.86e-10
3.38e-10
6.08e-10
1.079e-9
1.894e-9
3.283e-9
5.625e-9
9.529e-9
1.596e-8
2.6439e-8
4.3324e-8
7.0233e-8
1.12662e-7
1.78851e-7
2.81032e-7
4.37152e-7
6.73257e-7
1.026735e-6
1.550675e-6
2.31964e-6
3.437235e-6
5.045859e-6
7.339141e-6
1.0577534e-5
1.5107614e-5
2.1385581e-5
3.000542e-5
4.173208e-5
5.7539849e-5
7.8655844e-5
0.00010660822
0.000143278256
0.000190954965
0.000252390278
0.000330852189
0.000430172534
0.000554785427
0.000709751712
0.000900764316
0.001134129052
0.001416715431
0.001755872291
0.002159303803
0.002634902561
0.003190538092
0.003833801212
0.004571707188
0.005410363471
0.006354610805
0.007407649559
0.008570665998
0.009842475636
0.011219202635
0.012694015166
0.01425693648
0.015894750183
0.017591015605
0.019326205303
0.02107797182
0.022821544851
0.024530253454
0.026176161049
0.027730794274
0.0291659406
0.0304544845
0.031571248242
0.032493801391
0.033203203054
0.03368464286
0.033927950664
0.033927950664
0.03368464286
0.033203203054
0.032493801391
0.031571248242
0.0304544845
0.0291659406
0.027730794274
0.026176161049
0.024530253454
0.022821544851
0.02107797182
0.019326205303
0.017591015605
0.015894750183
0.01425693648
0.012694015166
0.011219202635
0.009842475636
0.008570665998
0.007407649559
0.006354610805
0.005410363471
0.004571707188
0.003833801212
0.003190538092
0.002634902561
0.002159303803
0.001755872291
0.001416715431
0.001134129052
0.000900764316
0.000709751712
0.000554785427
0.000430172534
0.000330852189
0.000252390278
0.000190954965
0.000143278256
0.00010660822
7.8655844e-5
5.7539849e-5
4.173208e-5
3.000542e-5
2.1385581e-5
1.5107614e-5
1.0577534e-5
7.339141e-6
5.045859e-6
3.437235e-6
2.31964e-6
1.550675e-6
1.026735e-6
6.73257e-7
4.37152e-7
2.81032e-7
1.78851e-7
1.12662e-7
7.0233e-8
4.3324e-8
2.6439e-8
1.596e-8
9.529e-9
5.625e-9
3.283e-9
1.894e-9
1.079e-9
6.08e-10
3.38e-10
1.86e-10
1.01e-10
5.4e-11
2.8e-11
1.5e-11
8.0e-12
4.0e-12
2.0e-12
1.0e-12
0.0
0.0
0.0
0.0
0.0
0.0
0.0
0.0
0.0
0.0
0.0
0.0
0.0
0.0
0.0
0.0
0.0
0.0
0.0
0.0
0.0
0.0
0.0
0.0
0.0
0.0
0.0
0.0
0.0
0.0
0.0
0.0
0.0
0.0
0.0
0.0
0.0
0.0
0.0
0.0
