0.0
0.0
0.0
0.0
0.0
0.0
0.0
0.0
0.0
0.0
0.0
0.0
0.0
0.0
0.0
0.0
0.0
0.0
0.0
0.0
0.0
0.0
0.0
0.0
0.0
0.0
0.0
0.0
0.0
0.0
0.0
0.0
0.0
0.0
0.0
0.0
0.0
0.0
0.0
0.0
0.0
1.0e-12
1.0e-12
3.0e-12
5.0e-12
1.0e-11
1.8e-11
3.5e-11
6.5e-11
1.2e-10
2.19e-10
3.94e-10
7.01e-10
1.231e-9
2.138e-9
3.67e-9
6.228e-9
1.0455e-8
1.736e-8
2.8518e-8
4.6358e-8
7.4578e-8
1.18757e-7
1.87209e-7
2.92198e-7
4.51615e-7
6.91284e-7
1.048082e-6
1.574116e-6
2.342234e-6
3.453214e-6
5.045014e-6
7.304504e-6
1.0482161e-5
1.4910192e-5
2.1024562e-5
2.9391346e-5
4.0737731e-5
5.5987832e-5
7.6303278e-5
0.000103128202
0.000138237902
0.000183789959
0.000242376074
0.000317072275
0.000411484518
0.000529786076
0.000676742538
0.000857719745
0.001078669705
0.001346089434
0.001666947909
0.002048576872
0.002498522232
0.003024354191
0.003633436055
0.004332653888
0.005128111721
0.006024799706
0.007026245443
0.008134161351
0.0093481033
0.010665157579
0.01207967435
0.013583065951
0.015163687562
0.016806815759
0.018494737374
0.020206956869
0.021920525347
0.023610488458
0.025250444341
0.026813196455
0.028271480353
0.029598738343
0.03076991201
0.031762220108
0.032555888452
0.033134799479
0.033487031915
0.033605265526
0.033487031915
0.033134799479
0.032555888452
0.031762220108
0.03076991201
0.029598738343
0.028271480353
0.026813196455
0.025250444341
0.023610488458
0.021920525347
0.020206956869
0.018494737374
0.016806815759
0.015163687562
0.013583065951
0.01207967435
0.010665157579
0.0093481033
0.008134161351
0.007026245443
0.006024799706
0.005128111721
0.004332653888
0.003633436055
0.003024354191
0.002498522232
0.002048576872
0.001666947909
0.001346089434
0.001078669705
0.000857719745
0.000676742538
0.000529786076
0.000411484518
0.000317072275
0.000242376074
0.000183789959
0.000138237902
0.000103128202
7.6303278e-5
5.5987832e-5
4.0737731e-5
2.9391346e-5
2.1024562e-5
1.4910192e-5
1.0482161e-5
7.304504e-6
5.045014e-6
3.453214e-6
2.342234e-6
1.574116e-6
1.048082e-6
6.91284e-7
4.51615e-7
2.92198e-7
1.87209e-7
1.18757e-7
7.4578e-8
4.6358e-8
2.8518e-8
1.736e-8
1.0455e-8
6.228e-9
3.67e-9
2.138e-9
1.231e-9
7.01e-10
3.94e-10
2.19e-10
1.2e-10
6.5e-11
3.5e-11
1.8e-11
1.0e-11
5.0e-12
3.0e-12
1.0e-12
1.0e-12
0.0
0.0
0.0
0.0
0.0
0.0
0.0
0.0
0.0
0.0
0.0
0.0
0.0
0.0
0.0
0.0
0.0
0.0
0.0
0.0
0.0
0.0
0.0
0.0
0.0
0.0
0.0
0.0
0.0
0.0
0.0
0.0
0.0
0.0
0.0
0.0
0.0
0.0
0.0
0.0
0.0
