0.0
0.0
0.0
0.0
0.0
0.0
0.0
0.0
0.0
0.0
0.0
0.0
0.0
0.0
0.0
0.0
0.0
0.0
0.0
0.0
0.0
0.0
0.0
0.0
0.0
0.0
0.0
0.0
0.0
0.0
0.0
0.0
0.0
0.0
0.0
0.0
0.0
0.0
0.0
0.0
0.0
0.0
0.0
1.0e-12
2.0e-12
3.0e-12
6.0e-12
1.2e-11
2.3e-11
4.2e-11
7.8e-11
1.42e-10
2.56e-10
4.55e-10
8.01e-10
1.392e-9
2.394e-9
4.07e-9
6.847e-9
1.1395e-8
1.8765e-8
3.0583e-8
4.9338e-8
7.8797e-8
1.24603e-7
1.95119e-7
3.02607e-7
4.64857e-7
7.07417e-7
1.066588e-6
1.593424e-6
2.358991e-6
3.461194e-6
5.03354e-6
7.25622e-6
1.0369941e-5
1.4692963e-5
2.0641749e-5
2.8755637e-5
3.9725824e-5
5.4428825e-5
7.3964382e-5
9.9697484e-5
0.000133303875
0.000176817948
0.000232681488
0.000303791134
0.000393541907
0.000505863538
0.00064524581
0.00081674867
0.001025992568
0.001279124367
0.001582754316
0.001943860057
0.002369654449
0.002867415191
0.003444275826
0.004106979632
0.004861600167
0.005713234694
0.006665679235
0.007721096517
0.008879690288
0.010139401329
0.011495641682
0.012941084084
0.014465523096
0.016055822977
0.01769596481
0.019367201895
0.021048328025
0.022716058141
0.024345515304
0.025910812216
0.027385709993
0.028744331935
0.029961905953
0.031015506457
0.031884765051
0.032552519582
0.033005372899
0.033234136128
0.033234136128
0.033005372899
0.032552519582
0.031884765051
0.031015506457
0.029961905953
0.028744331935
0.027385709993
0.025910812216
0.024345515304
0.022716058141
0.021048328025
0.019367201895
0.01769596481
0.016055822977
0.014465523096
0.012941084084
0.011495641682
0.010139401329
0.008879690288
0.007721096517
0.006665679235
0.005713234694
0.004861600167
0.004106979632
0.003444275826
0.002867415191
0.002369654449
0.001943860057
0.001582754316
0.001279124367
0.001025992568
0.00081674867
0.00064524581
0.000505863538
0.000393541907
0.000303791134
0.000232681488
0.000176817948
0.000133303875
9.9697484e-5
7.3964382e-5
5.4428825e-5
3.9725824e-5
2.8755637e-5
2.0641749e-5
1.4692963e-5
1.0369941e-5
7.25622e-6
5.03354e-6
3.461194e-6
2.358991e-6
1.593424e-6
1.066588e-6
7.07417e-7
4.64857e-7
3.02607e-7
1.95119e-7
1.24603e-7
7.8797e-8
4.9338e-8
3.0583e-8
1.8765e-8
1.1395e-8
6.847e-9
4.07e-9
2.394e-9
1.392e-9
8.01e-10
4.55e-10
2.56e-10
1.42e-10
7.8e-11
4.2e-11
2.3e-11
1.2e-11
6.0e-12
3.0e-12
2.0e-12
1.0e-12
0.0
0.0
0.0
0.0
0.0
0.0
0.0
0.0
0.0
0.0
0.0
0.0
0.0
0.0
0.0
0.0
0.0
0.0
0.0
0.0
0.0
0.0
0.0
0.0
0.0
0.0
0.0
0.0
0.0
0.0
0.0
0.0
0.0
0.0
0.0
0.0
0.0
0.0
0.0
0.0
0.0
0.0
0.0
