0.0
0.0
0.0
0.0
0.0
0.0
0.0
0.0
0.0
0.0
0.0
0.0
0.0
0.0
0.0
0.0
0.0
0.0
0.0
0.0
0.0
0.0
0.0
0.0
0.0
0.0
0.0
0.0
0.0
0.0
0.0
0.0
0.0
0.0
0.0
0.0
0.0
0.0
0.0
0.0
0.0
0.0
0.0
0.0
1.0e-12
1.0e-12
2.0e-12
4.0e-12
8.0e-12
1.5e-11
2.7e-11
5.0e-11
9.2e-11
1.66e-10
2.96e-10
5.21e-10
9.07e-10
1.561e-9
2.66e-9
4.483e-9
7.477e-9
1.2342e-8
2.0166e-8
3.2621e-8
5.2247e-8
8.2867e-8
1.30174e-7
2.02553e-7
3.12233e-7
4.76865e-7
7.21669e-7
1.082314e-6
1.608745e-6
2.370192e-6
3.461659e-6
5.012218e-6
7.195475e-6
1.0242601e-5
1.4458342e-5
2.0240389e-5
2.810249e-5
3.8701563e-5
5.2868984e-5
7.1646004e-5
9.6323056e-5
0.000128482334
0.000170042719
0.000223305639
0.000290999982
0.000376323637
0.000482978758
0.000615197271
0.00077775281
0.000975954878
0.001215620965
0.001503022404
0.001844800158
0.002247847368
0.002719156579
0.003265630887
0.003893859993
0.004609864124
0.005418811012
0.006324713422
0.007330117038
0.008435790624
0.009640432189
0.010940406166
0.012329527243
0.01379890633
0.015336873091
0.016928987481
0.018558149824
0.020204815192
0.021847313398
0.023462270929
0.025025125936
0.026510722257
0.027893963643
0.029150505268
0.030257456495
0.03119406698
0.031942367678
0.032487739374
0.032819383781
0.032930676203
0.032819383781
0.032487739374
0.031942367678
0.03119406698
0.030257456495
0.029150505268
0.027893963643
0.026510722257
0.025025125936
0.023462270929
0.021847313398
0.020204815192
0.018558149824
0.016928987481
0.015336873091
0.01379890633
0.012329527243
0.010940406166
0.009640432189
0.008435790624
0.007330117038
0.006324713422
0.005418811012
0.004609864124
0.003893859993
0.003265630887
0.002719156579
0.002247847368
0.001844800158
0.001503022404
0.001215620965
0.000975954878
0.00077775281
0.000615197271
0.000482978758
0.000376323637
0.000290999982
0.000223305639
0.000170042719
0.000128482334
9.6323056e-5
7.1646004e-5
5.2868984e-5
3.8701563e-5
2.810249e-5
2.0240389e-5
1.4458342e-5
1.0242601e-5
7.195475e-6
5.012218e-6
3.461659e-6
2.370192e-6
1.608745e-6
1.082314e-6
7.21669e-7
4.76865e-7
3.12233e-7
2.02553e-7
1.30174e-7
8.2867e-8
5.2247e-8
3.2621e-8
2.0166e-8
1.2342e-8
7.477e-9
4.483e-9
2.66e-9
1.561e-9
9.07e-10
5.21e-10
2.96e-10
1.66e-10
9.2e-11
5.0e-11
2.7e-11
1.5e-11
8.0e-12
4.0e-12
2.0e-12
1.0e-12
1.0e-12
0.0
0.0
0.0
0.0
0.0
0.0
0.0
0.0
0.0
0.0
0.0
0.0
0.0
0.0
0.0
0.0
0.0
0.0
0.0
0.0
0.0
0.0
0.0
0.0
0.0
0.0
0.0
0.0
0.0
0.0
0.0
0.0
0.0
0.0
0.0
0.0
0.0
0.0
0.0
0.0
0.0
0.0
0.0
0.0
