3.572245e-6
2.5005716e-5
0.000100022862
0.000300068587
0.000750171468
0.001650377229
0.003275748743
0.005954932556
0.010027291952
0.015778606539
0.023355338363
0.032657464563
0.04328489369
0.054537465706
0.065468535665
0.074992141061
0.082043752858
0.085794610197
0.085794610197
0.082043752858
0.074992141061
0.065468535665
0.054537465706
0.04328489369
0.032657464563
0.023355338363
0.015778606539
0.010027291952
0.005954932556
0.003275748743
0.001650377229
0.000750171468
0.000300068587
0.000100022862
2.5005716e-5
3.572245e-6
