5.95374e-7
4.762993e-6
2.1433471e-5
7.1444902e-5
0.00019647348
0.000471536351
0.001016899101
0.002005220241
0.003659765089
0.006239521414
0.01000704923
0.015174897119
0.021843087944
0.029940176802
0.039180384088
0.049049306508
0.058830708924
0.067686899863
0.074771852614
0.079356233806
0.080943501372
0.079356233806
0.074771852614
0.067686899863
0.058830708924
0.049049306508
0.039180384088
0.029940176802
0.021843087944
0.015174897119
0.01000704923
0.006239521414
0.003659765089
0.002005220241
0.001016899101
0.000471536351
0.00019647348
7.1444902e-5
2.1433471e-5
4.762993e-6
5.95374e-7
